  MaddogStepper.cpp
C:\Projects\HomeAssitant\ProjectorArduino\MaddogStepper.cpp : warning C4117: macro name '__cplusplus' is reserved, '#define' ignored
C:\Projects\HomeAssitant\ProjectorArduino\__vm\.ProjectorArduino.vsarduino.h(16,1): warning C4005: '__AVR_atmega32u4__': macro redefinition
C:\Projects\HomeAssitant\ProjectorArduino\MaddogStepper.cpp : message : see previous definition of '__AVR_atmega32u4__'
C:\Projects\HomeAssitant\ProjectorArduino\__vm\.ProjectorArduino.vsarduino.h(17,1): warning C4005: '__AVR_ATmega32U4__': macro redefinition
C:\Projects\HomeAssitant\ProjectorArduino\MaddogStepper.cpp : message : see previous definition of '__AVR_ATmega32U4__'
C:\Projects\HomeAssitant\ProjectorArduino\__vm\.ProjectorArduino.vsarduino.h(18,1): warning C4005: '__AVR_ATmega32u4__': macro redefinition
C:\Projects\HomeAssitant\ProjectorArduino\MaddogStepper.cpp : message : see previous definition of '__AVR_ATmega32u4__'
C:\Projects\HomeAssitant\ProjectorArduino\__vm\.ProjectorArduino.vsarduino.h(21,1): warning C4005: 'ARDUINO_AVR_MICRO': macro redefinition
C:\Projects\HomeAssitant\ProjectorArduino\MaddogStepper.cpp : message : see previous definition of 'ARDUINO_AVR_MICRO'
C:\Projects\HomeAssitant\ProjectorArduino\__vm\.ProjectorArduino.vsarduino.h(22,1): warning C4005: 'ARDUINO_ARCH_AVR': macro redefinition
C:\Projects\HomeAssitant\ProjectorArduino\MaddogStepper.cpp : message : see previous definition of 'ARDUINO_ARCH_AVR'
C:\Projects\HomeAssitant\ProjectorArduino\__vm\.ProjectorArduino.vsarduino.h(25,1): warning C4117: macro name '__cplusplus' is reserved, '#define' ignored
C:\Projects\HomeAssitant\ProjectorArduino\__vm\.ProjectorArduino.vsarduino.h(34,1): warning C4117: macro name '__cplusplus' is reserved, '#undef' ignored
C:\Projects\HomeAssitant\ProjectorArduino\__vm\.ProjectorArduino.vsarduino.h(35,1): warning C4117: macro name '__cplusplus' is reserved, '#define' ignored
C:\Users\lcris\AppData\Local\arduino15\packages\arduino\tools\avr-gcc\7.3.0-atmel3.6.1-arduino7\lib\gcc\avr\7.3.0\include\stddef.h(216,23): error C2371: 'size_t': redefinition; different basic types
C:\Projects\HomeAssitant\ProjectorArduino\predefined C++ types (compiler internal)(16): message : see declaration of 'size_t'
C:\Users\lcris\AppData\Local\arduino15\packages\arduino\tools\avr-gcc\7.3.0-atmel3.6.1-arduino7\avr\include\stdlib.h(73,3): error C2371: 'div_t': redefinition; different basic types
C:\Projects\HomeAssitant\ProjectorArduino\__vm\.ProjectorArduino.vsarduino.h(67): message : see declaration of 'div_t'
C:\Users\lcris\AppData\Local\arduino15\packages\arduino\tools\avr-gcc\7.3.0-atmel3.6.1-arduino7\avr\include\stdlib.h(79,3): error C2371: 'ldiv_t': redefinition; different basic types
C:\Projects\HomeAssitant\ProjectorArduino\__vm\.ProjectorArduino.vsarduino.h(68): message : see declaration of 'ldiv_t'
C:\Users\lcris\AppData\Local\arduino15\packages\arduino\tools\avr-gcc\7.3.0-atmel3.6.1-arduino7\lib\gcc\avr\7.3.0\include\stdint.h(9,1): fatal error C1021: invalid preprocessor command 'include_next'
